  Compiling CUDA source file kernel.cu...
  
  C:\Users\Sebas\Documents\code\ParaleloAvanzado\AdvancedParallelProgramming\prueba\CudaRuntime1>"C:\Program Files\NVIDIA GPU Computing Toolkit\CUDA\v12.3\bin\nvcc.exe" -gencode=arch=compute_52,code=\"sm_52,compute_52\" --use-local-env -ccbin "C:\Program Files\Microsoft Visual Studio\2022\Community\VC\Tools\MSVC\14.38.33130\bin\HostX64\x64" -x cu   -IC:\Users\Sebas\AppData\Local\Temp\scoped_dir12136_1319987969\opencv\build\include -I"C:\Program Files\NVIDIA GPU Computing Toolkit\CUDA\v12.3\include" -I"C:\Program Files\NVIDIA GPU Computing Toolkit\CUDA\v12.3\include"     --keep-dir x64\Release  -maxrregcount=0   --machine 64 --compile -cudart static    -DWIN32 -DWIN64 -DNDEBUG -D_CONSOLE -D_MBCS -Xcompiler "/EHsc /W3 /nologo /O2 /FS   /MD " -Xcompiler "/Fdx64\Release\vc143.pdb" -o C:\Users\Sebas\Documents\code\ParaleloAvanzado\AdvancedParallelProgramming\prueba\CudaRuntime1\x64\Release\kernel.cu.obj "C:\Users\Sebas\Documents\code\ParaleloAvanzado\AdvancedParallelProgramming\prueba\CudaRuntime1\kernel.cu" 
C:/Users/Sebas/AppData/Local/Temp/scoped_dir12136_1319987969/opencv/build/include\opencv2/stitching/detail/warpers.hpp(235): warning #611-D: overloaded virtual function "cv::detail::PlaneWarper::buildMaps" is only partially overridden in class "cv::detail::AffineWarper"
    class  AffineWarper : public PlaneWarper
           ^
  
  Remark: The warnings can be suppressed with "-diag-suppress <warning-number>"
  
C:/Users/Sebas/AppData/Local/Temp/scoped_dir12136_1319987969/opencv/build/include\opencv2/stitching/detail/warpers.hpp(235): warning #611-D: overloaded virtual function "cv::detail::PlaneWarper::warp" is only partially overridden in class "cv::detail::AffineWarper"
    class  AffineWarper : public PlaneWarper
           ^
  
C:/Users/Sebas/AppData/Local/Temp/scoped_dir12136_1319987969/opencv/build/include\opencv2/stitching/detail/matchers.hpp(182): warning #611-D: overloaded virtual function "cv::detail::FeaturesMatcher::match" is only partially overridden in class "cv::detail::BestOf2NearestMatcher"
    class  BestOf2NearestMatcher : public FeaturesMatcher
           ^
  
C:/Users/Sebas/AppData/Local/Temp/scoped_dir12136_1319987969/opencv/build/include\opencv2/stitching/detail/matchers.hpp(236): warning #611-D: overloaded virtual function "cv::detail::FeaturesMatcher::match" is only partially overridden in class "cv::detail::AffineBestOf2NearestMatcher"
    class  AffineBestOf2NearestMatcher : public BestOf2NearestMatcher
           ^
  
C:/Users/Sebas/AppData/Local/Temp/scoped_dir12136_1319987969/opencv/build/include\opencv2/stitching/detail/blenders.hpp(100): warning #611-D: overloaded virtual function "cv::detail::Blender::prepare" is only partially overridden in class "cv::detail::FeatherBlender"
    class  FeatherBlender : public Blender
           ^
  
C:/Users/Sebas/AppData/Local/Temp/scoped_dir12136_1319987969/opencv/build/include\opencv2/stitching/detail/blenders.hpp(127): warning #611-D: overloaded virtual function "cv::detail::Blender::prepare" is only partially overridden in class "cv::detail::MultiBandBlender"
    class  MultiBandBlender : public Blender
           ^
  
C:/Users/Sebas/AppData/Local/Temp/scoped_dir12136_1319987969/opencv/build/include\opencv2/stitching/detail/warpers.hpp(235): warning #611-D: overloaded virtual function "cv::detail::PlaneWarper::buildMaps" is only partially overridden in class "cv::detail::AffineWarper"
    class  AffineWarper : public PlaneWarper
           ^
  
  Remark: The warnings can be suppressed with "-diag-suppress <warning-number>"
  
C:/Users/Sebas/AppData/Local/Temp/scoped_dir12136_1319987969/opencv/build/include\opencv2/stitching/detail/warpers.hpp(235): warning #611-D: overloaded virtual function "cv::detail::PlaneWarper::warp" is only partially overridden in class "cv::detail::AffineWarper"
    class  AffineWarper : public PlaneWarper
           ^
  
C:/Users/Sebas/AppData/Local/Temp/scoped_dir12136_1319987969/opencv/build/include\opencv2/stitching/detail/matchers.hpp(182): warning #611-D: overloaded virtual function "cv::detail::FeaturesMatcher::match" is only partially overridden in class "cv::detail::BestOf2NearestMatcher"
    class  BestOf2NearestMatcher : public FeaturesMatcher
           ^
  
C:/Users/Sebas/AppData/Local/Temp/scoped_dir12136_1319987969/opencv/build/include\opencv2/stitching/detail/matchers.hpp(236): warning #611-D: overloaded virtual function "cv::detail::FeaturesMatcher::match" is only partially overridden in class "cv::detail::AffineBestOf2NearestMatcher"
    class  AffineBestOf2NearestMatcher : public BestOf2NearestMatcher
           ^
  
C:/Users/Sebas/AppData/Local/Temp/scoped_dir12136_1319987969/opencv/build/include\opencv2/stitching/detail/blenders.hpp(100): warning #611-D: overloaded virtual function "cv::detail::Blender::prepare" is only partially overridden in class "cv::detail::FeatherBlender"
    class  FeatherBlender : public Blender
           ^
  
C:/Users/Sebas/AppData/Local/Temp/scoped_dir12136_1319987969/opencv/build/include\opencv2/stitching/detail/blenders.hpp(127): warning #611-D: overloaded virtual function "cv::detail::Blender::prepare" is only partially overridden in class "cv::detail::MultiBandBlender"
    class  MultiBandBlender : public Blender
           ^
  
  kernel.cu
  tmpxft_00008d18_00000000-7_kernel.cudafe1.cpp
C:\Users\Sebas\Documents\code\ParaleloAvanzado\AdvancedParallelProgramming\prueba\CudaRuntime1\kernel.cu(98): warning C4244: 'argumento': conversión de 'int' a 'float'; posible pérdida de datos
C:\Users\Sebas\Documents\code\ParaleloAvanzado\AdvancedParallelProgramming\prueba\CudaRuntime1\kernel.cu(98): warning C4244: 'argumento': conversión de 'int' a 'float'; posible pérdida de datos
C:\Users\Sebas\Documents\code\ParaleloAvanzado\AdvancedParallelProgramming\prueba\CudaRuntime1\kernel.cu(120): warning C4267: 'argumento': conversión de 'size_t' a 'int'; posible pérdida de datos
C:\Users\Sebas\Documents\code\ParaleloAvanzado\AdvancedParallelProgramming\prueba\CudaRuntime1\kernel.cu(120): warning C4267: 'argumento': conversión de 'size_t' a 'int'; posible pérdida de datos
C:\Users\Sebas\Documents\code\ParaleloAvanzado\AdvancedParallelProgramming\prueba\CudaRuntime1\kernel.cu(135): warning C4244: 'argumento': conversión de 'float' a '_Tp'; posible pérdida de datos
          with
          [
              _Tp=int
          ]
C:\Users\Sebas\Documents\code\ParaleloAvanzado\AdvancedParallelProgramming\prueba\CudaRuntime1\kernel.cu(135): warning C4244: 'argumento': conversión de 'float' a '_Tp'; posible pérdida de datos
          with
          [
              _Tp=int
          ]
C:\Users\Sebas\Documents\code\ParaleloAvanzado\AdvancedParallelProgramming\prueba\CudaRuntime1\kernel.cu(141): warning C4244: 'argumento': conversión de 'T' a '_Tp'; posible pérdida de datos
          with
          [
              T=float
          ]
          and
          [
              _Tp=int
          ]
C:\Users\Sebas\Documents\code\ParaleloAvanzado\AdvancedParallelProgramming\prueba\CudaRuntime1\kernel.cu(141): warning C4244: 'argumento': conversión de 'T' a '_Tp'; posible pérdida de datos
          with
          [
              T=float
          ]
          and
          [
              _Tp=int
          ]
     Creando biblioteca C:\Users\Sebas\Documents\code\ParaleloAvanzado\AdvancedParallelProgramming\prueba\CudaRuntime1\x64\Release\CudaRuntime1.lib y objeto C:\Users\Sebas\Documents\code\ParaleloAvanzado\AdvancedParallelProgramming\prueba\CudaRuntime1\x64\Release\CudaRuntime1.exp
LINK : warning LNK4098: la biblioteca predeterminada'LIBCMT' entra en conflicto con otras bibliotecas; use la biblioteca /NODEFAULTLIB:biblioteca
  LINK : se especificó /LTCG pero no se requiere generación de código; quite /LTCG de la línea de comandos de vínculo para mejorar el rendimiento del vinculador
  CudaRuntime1.vcxproj -> C:\Users\Sebas\Documents\code\ParaleloAvanzado\AdvancedParallelProgramming\prueba\CudaRuntime1\x64\Release\CudaRuntime1.exe
